[0314/155138.089:ERROR:process_reader_win.cc(123)] NtOpenThread: {Access Denied} A process has requested access to an object, but has not been granted those access rights. (0xc0000022)
[0314/155138.090:ERROR:exception_snapshot_win.cc(88)] thread ID 17148 not found in process
[0314/155138.091:ERROR:process_reader_win.cc(123)] NtOpenThread: {Access Denied} A process has requested access to an object, but has not been granted those access rights. (0xc0000022)
[0314/155138.091:ERROR:exception_snapshot_win.cc(88)] thread ID 16572 not found in process
[0314/155541.310:ERROR:process_reader_win.cc(123)] NtOpenThread: {Access Denied} A process has requested access to an object, but has not been granted those access rights. (0xc0000022)
[0314/155541.311:ERROR:exception_snapshot_win.cc(88)] thread ID 18492 not found in process
[0314/160022.461:ERROR:process_reader_win.cc(123)] NtOpenThread: {Access Denied} A process has requested access to an object, but has not been granted those access rights. (0xc0000022)
[0314/160022.462:ERROR:exception_snapshot_win.cc(88)] thread ID 16352 not found in process
[0314/160022.462:ERROR:process_reader_win.cc(123)] NtOpenThread: {Access Denied} A process has requested access to an object, but has not been granted those access rights. (0xc0000022)
[0314/160022.462:ERROR:exception_snapshot_win.cc(88)] thread ID 1620 not found in process
[0314/220844.265:ERROR:process_reader_win.cc(123)] NtOpenThread: {Access Denied} A process has requested access to an object, but has not been granted those access rights. (0xc0000022)
[0314/220844.267:ERROR:exception_snapshot_win.cc(88)] thread ID 17500 not found in process
[0315/205758.466:ERROR:process_reader_win.cc(123)] NtOpenThread: {Access Denied} A process has requested access to an object, but has not been granted those access rights. (0xc0000022)
[0315/205758.468:ERROR:exception_snapshot_win.cc(88)] thread ID 10016 not found in process
[0404/210540.065:ERROR:process_reader_win.cc(123)] NtOpenThread: {Access Denied} A process has requested access to an object, but has not been granted those access rights. (0xc0000022)
[0404/210540.068:ERROR:exception_snapshot_win.cc(98)] thread ID 5480 not found in process
[0415/162310.049:ERROR:process_reader_win.cc(123)] NtOpenThread: {Access Denied} A process has requested access to an object, but has not been granted those access rights. (0xc0000022)
[0415/162310.060:ERROR:exception_snapshot_win.cc(98)] thread ID 10820 not found in process
[0425/102105.238:ERROR:prune_crash_reports.cc(34)] PruneCrashReportDatabase: Failed to get pending reports
[0523/181740.032:ERROR:process_reader_win.cc(123)] NtOpenThread: {Eriþim Yok} Bir iþlem bir nesneye eriþmek istedi, ancak istediði eriþimin haklarý kendisine verilmiþ deðil. (0xc0000022)
[0523/181740.071:ERROR:exception_snapshot_win.cc(98)] thread ID 11368 not found in process
[0523/182429.992:ERROR:process_reader_win.cc(123)] NtOpenThread: {Eriþim Yok} Bir iþlem bir nesneye eriþmek istedi, ancak istediði eriþimin haklarý kendisine verilmiþ deðil. (0xc0000022)
[0523/182429.993:ERROR:exception_snapshot_win.cc(98)] thread ID 4976 not found in process
[0527/013948.703:ERROR:process_reader_win.cc(123)] NtOpenThread: {Eriþim Yok} Bir iþlem bir nesneye eriþmek istedi, ancak istediði eriþimin haklarý kendisine verilmiþ deðil. (0xc0000022)
[0527/013949.124:ERROR:exception_snapshot_win.cc(98)] thread ID 7472 not found in process
[0527/014203.493:ERROR:process_reader_win.cc(123)] NtOpenThread: {Eriþim Yok} Bir iþlem bir nesneye eriþmek istedi, ancak istediði eriþimin haklarý kendisine verilmiþ deðil. (0xc0000022)
[0527/014203.494:ERROR:exception_snapshot_win.cc(98)] thread ID 16056 not found in process
[0527/014649.322:ERROR:process_reader_win.cc(123)] NtOpenThread: {Eriþim Yok} Bir iþlem bir nesneye eriþmek istedi, ancak istediði eriþimin haklarý kendisine verilmiþ deðil. (0xc0000022)
[0527/014649.323:ERROR:exception_snapshot_win.cc(98)] thread ID 15208 not found in process
[0527/015250.307:ERROR:process_reader_win.cc(123)] NtOpenThread: {Eriþim Yok} Bir iþlem bir nesneye eriþmek istedi, ancak istediði eriþimin haklarý kendisine verilmiþ deðil. (0xc0000022)
[0527/015250.715:ERROR:exception_snapshot_win.cc(98)] thread ID 13916 not found in process
[0527/020032.456:ERROR:process_reader_win.cc(123)] NtOpenThread: {Eriþim Yok} Bir iþlem bir nesneye eriþmek istedi, ancak istediði eriþimin haklarý kendisine verilmiþ deðil. (0xc0000022)
[0527/020032.460:ERROR:exception_snapshot_win.cc(98)] thread ID 16392 not found in process
[0527/020034.918:ERROR:process_reader_win.cc(123)] NtOpenThread: {Eriþim Yok} Bir iþlem bir nesneye eriþmek istedi, ancak istediði eriþimin haklarý kendisine verilmiþ deðil. (0xc0000022)
[0527/020034.919:ERROR:exception_snapshot_win.cc(98)] thread ID 16020 not found in process
[0527/021405.842:ERROR:process_reader_win.cc(123)] NtOpenThread: {Eriþim Yok} Bir iþlem bir nesneye eriþmek istedi, ancak istediði eriþimin haklarý kendisine verilmiþ deðil. (0xc0000022)
[0527/021405.844:ERROR:exception_snapshot_win.cc(98)] thread ID 3080 not found in process
[0527/064854.219:ERROR:process_reader_win.cc(123)] NtOpenThread: {Eriþim Yok} Bir iþlem bir nesneye eriþmek istedi, ancak istediði eriþimin haklarý kendisine verilmiþ deðil. (0xc0000022)
[0527/064854.219:ERROR:process_reader_win.cc(123)] NtOpenThread: {Eriþim Yok} Bir iþlem bir nesneye eriþmek istedi, ancak istediði eriþimin haklarý kendisine verilmiþ deðil. (0xc0000022)
[0527/064854.219:ERROR:process_reader_win.cc(123)] NtOpenThread: {Eriþim Yok} Bir iþlem bir nesneye eriþmek istedi, ancak istediði eriþimin haklarý kendisine verilmiþ deðil. (0xc0000022)
[0527/064854.220:ERROR:exception_snapshot_win.cc(98)] thread ID 13344 not found in process
[0527/064854.220:ERROR:exception_snapshot_win.cc(98)] thread ID 10704 not found in process
[0527/064854.220:ERROR:exception_snapshot_win.cc(98)] thread ID 18156 not found in process
[0527/064854.254:ERROR:process_reader_win.cc(123)] NtOpenThread: {Eriþim Yok} Bir iþlem bir nesneye eriþmek istedi, ancak istediði eriþimin haklarý kendisine verilmiþ deðil. (0xc0000022)
[0527/064854.255:ERROR:exception_snapshot_win.cc(98)] thread ID 6988 not found in process
[0528/235141.438:ERROR:process_reader_win.cc(123)] NtOpenThread: {Eriþim Yok} Bir iþlem bir nesneye eriþmek istedi, ancak istediði eriþimin haklarý kendisine verilmiþ deðil. (0xc0000022)
[0528/235141.865:ERROR:exception_snapshot_win.cc(98)] thread ID 7148 not found in process
[0528/235143.198:ERROR:process_reader_win.cc(123)] NtOpenThread: {Eriþim Yok} Bir iþlem bir nesneye eriþmek istedi, ancak istediði eriþimin haklarý kendisine verilmiþ deðil. (0xc0000022)
[0528/235143.198:ERROR:exception_snapshot_win.cc(98)] thread ID 12452 not found in process
[0529/005135.664:ERROR:process_reader_win.cc(123)] NtOpenThread: {Eriþim Yok} Bir iþlem bir nesneye eriþmek istedi, ancak istediði eriþimin haklarý kendisine verilmiþ deðil. (0xc0000022)
[0529/005135.666:ERROR:exception_snapshot_win.cc(98)] thread ID 2948 not found in process
[0530/043918.958:ERROR:process_reader_win.cc(123)] NtOpenThread: {Eriþim Yok} Bir iþlem bir nesneye eriþmek istedi, ancak istediði eriþimin haklarý kendisine verilmiþ deðil. (0xc0000022)
[0530/043918.971:ERROR:exception_snapshot_win.cc(98)] thread ID 11992 not found in process
[0530/043920.816:ERROR:process_reader_win.cc(123)] NtOpenThread: {Eriþim Yok} Bir iþlem bir nesneye eriþmek istedi, ancak istediði eriþimin haklarý kendisine verilmiþ deðil. (0xc0000022)
[0530/043920.817:ERROR:exception_snapshot_win.cc(98)] thread ID 11560 not found in process
[0530/052455.237:ERROR:process_reader_win.cc(123)] NtOpenThread: {Eriþim Yok} Bir iþlem bir nesneye eriþmek istedi, ancak istediði eriþimin haklarý kendisine verilmiþ deðil. (0xc0000022)
[0530/052455.238:ERROR:exception_snapshot_win.cc(98)] thread ID 14276 not found in process
[0623/002146.263:ERROR:process_reader_win.cc(123)] NtOpenThread: {Eriþim Yok} Bir iþlem bir nesneye eriþmek istedi, ancak istediði eriþimin haklarý kendisine verilmiþ deðil. (0xc0000022)
[0623/002146.285:ERROR:exception_snapshot_win.cc(98)] thread ID 16900 not found in process
[0623/201239.630:ERROR:process_reader_win.cc(123)] NtOpenThread: {Eriþim Yok} Bir iþlem bir nesneye eriþmek istedi, ancak istediði eriþimin haklarý kendisine verilmiþ deðil. (0xc0000022)
[0623/201239.656:ERROR:exception_snapshot_win.cc(98)] thread ID 6068 not found in process
[0623/202854.553:ERROR:process_reader_win.cc(151)] SuspendThread: Eriþim engellendi. (0x5)
[0623/202854.555:ERROR:process_reader_win.cc(151)] SuspendThread: Eriþim engellendi. (0x5)
[0623/202854.555:ERROR:process_reader_win.cc(151)] SuspendThread: Eriþim engellendi. (0x5)
[0623/202854.555:ERROR:process_reader_win.cc(151)] SuspendThread: Eriþim engellendi. (0x5)
[0623/202854.555:ERROR:process_reader_win.cc(151)] SuspendThread: Eriþim engellendi. (0x5)
[0623/202854.555:ERROR:process_reader_win.cc(151)] SuspendThread: Eriþim engellendi. (0x5)
[0623/202854.555:ERROR:process_reader_win.cc(151)] SuspendThread: Eriþim engellendi. (0x5)
[0623/202854.555:ERROR:process_reader_win.cc(151)] SuspendThread: Eriþim engellendi. (0x5)
[0623/202854.555:ERROR:process_reader_win.cc(151)] SuspendThread: Eriþim engellendi. (0x5)
[0623/202854.555:ERROR:process_reader_win.cc(151)] SuspendThread: Eriþim engellendi. (0x5)
[0623/202854.555:ERROR:process_reader_win.cc(151)] SuspendThread: Eriþim engellendi. (0x5)
[0623/202854.555:ERROR:process_reader_win.cc(151)] SuspendThread: Eriþim engellendi. (0x5)
[0623/202854.555:ERROR:process_reader_win.cc(151)] SuspendThread: Eriþim engellendi. (0x5)
[0623/202854.555:ERROR:process_reader_win.cc(151)] SuspendThread: Eriþim engellendi. (0x5)
[0623/202854.555:ERROR:process_reader_win.cc(151)] SuspendThread: Eriþim engellendi. (0x5)
[0623/202854.555:ERROR:process_reader_win.cc(151)] SuspendThread: Eriþim engellendi. (0x5)
[0623/202854.555:ERROR:process_reader_win.cc(151)] SuspendThread: Eriþim engellendi. (0x5)
[0623/202854.555:ERROR:process_reader_win.cc(151)] SuspendThread: Eriþim engellendi. (0x5)
[0623/202854.555:ERROR:process_reader_win.cc(151)] SuspendThread: Eriþim engellendi. (0x5)
[0623/202854.555:ERROR:process_reader_win.cc(123)] NtOpenThread: {Eriþim Yok} Bir iþlem bir nesneye eriþmek istedi, ancak istediði eriþimin haklarý kendisine verilmiþ deðil. (0xc0000022)
[0623/202854.555:ERROR:exception_snapshot_win.cc(98)] thread ID 17144 not found in process
[0623/202854.556:ERROR:process_reader_win.cc(151)] SuspendThread: Eriþim engellendi. (0x5)
[0623/202854.559:ERROR:process_reader_win.cc(151)] SuspendThread: Eriþim engellendi. (0x5)
[0623/202854.559:ERROR:process_reader_win.cc(151)] SuspendThread: Eriþim engellendi. (0x5)
[0623/202854.559:ERROR:process_reader_win.cc(151)] SuspendThread: Eriþim engellendi. (0x5)
[0623/202854.559:ERROR:process_reader_win.cc(151)] SuspendThread: Eriþim engellendi. (0x5)
[0623/202854.559:ERROR:process_reader_win.cc(151)] SuspendThread: Eriþim engellendi. (0x5)
[0623/202854.559:ERROR:process_reader_win.cc(151)] SuspendThread: Eriþim engellendi. (0x5)
[0623/202854.560:ERROR:process_reader_win.cc(151)] SuspendThread: Eriþim engellendi. (0x5)
[0623/202854.560:ERROR:process_reader_win.cc(151)] SuspendThread: Eriþim engellendi. (0x5)
[0623/202854.560:ERROR:process_reader_win.cc(151)] SuspendThread: Eriþim engellendi. (0x5)
[0623/202854.560:ERROR:process_reader_win.cc(151)] SuspendThread: Eriþim engellendi. (0x5)
[0623/202854.560:ERROR:process_reader_win.cc(151)] SuspendThread: Eriþim engellendi. (0x5)
[0623/202854.560:ERROR:process_reader_win.cc(151)] SuspendThread: Eriþim engellendi. (0x5)
[0623/202854.560:ERROR:process_reader_win.cc(151)] SuspendThread: Eriþim engellendi. (0x5)
[0623/202854.560:ERROR:process_reader_win.cc(151)] SuspendThread: Eriþim engellendi. (0x5)
[0623/202854.561:ERROR:process_reader_win.cc(151)] SuspendThread: Eriþim engellendi. (0x5)
[0623/202854.561:ERROR:process_reader_win.cc(151)] SuspendThread: Eriþim engellendi. (0x5)
[0623/202854.561:ERROR:process_reader_win.cc(151)] SuspendThread: Eriþim engellendi. (0x5)
[0623/202854.561:ERROR:process_reader_win.cc(123)] NtOpenThread: {Eriþim Yok} Bir iþlem bir nesneye eriþmek istedi, ancak istediði eriþimin haklarý kendisine verilmiþ deðil. (0xc0000022)
[0623/202854.561:ERROR:exception_snapshot_win.cc(98)] thread ID 14220 not found in process
[0623/202854.567:ERROR:process_reader_win.cc(151)] SuspendThread: Eriþim engellendi. (0x5)
[0623/202854.556:ERROR:process_reader_win.cc(151)] SuspendThread: Eriþim engellendi. (0x5)
[0623/202854.569:ERROR:process_reader_win.cc(151)] SuspendThread: Eriþim engellendi. (0x5)
[0623/202854.569:ERROR:process_reader_win.cc(151)] SuspendThread: Eriþim engellendi. (0x5)
[0623/202854.569:ERROR:process_reader_win.cc(151)] SuspendThread: Eriþim engellendi. (0x5)
[0623/202854.569:ERROR:process_reader_win.cc(151)] SuspendThread: Eriþim engellendi. (0x5)
[0623/202854.569:ERROR:process_reader_win.cc(151)] SuspendThread: Eriþim engellendi. (0x5)
[0623/202854.569:ERROR:process_reader_win.cc(151)] SuspendThread: Eriþim engellendi. (0x5)
[0623/202854.569:ERROR:process_reader_win.cc(151)] SuspendThread: Eriþim engellendi. (0x5)
[0623/202854.569:ERROR:process_reader_win.cc(151)] SuspendThread: Eriþim engellendi. (0x5)
[0623/202854.569:ERROR:process_reader_win.cc(151)] SuspendThread: Eriþim engellendi. (0x5)
[0623/202854.570:ERROR:process_reader_win.cc(151)] SuspendThread: Eriþim engellendi. (0x5)
[0623/202854.570:ERROR:process_reader_win.cc(151)] SuspendThread: Eriþim engellendi. (0x5)
[0623/202854.570:ERROR:process_reader_win.cc(151)] SuspendThread: Eriþim engellendi. (0x5)
[0623/202854.570:ERROR:process_reader_win.cc(151)] SuspendThread: Eriþim engellendi. (0x5)
[0623/202854.569:ERROR:process_reader_win.cc(123)] NtOpenThread: {Eriþim Yok} Bir iþlem bir nesneye eriþmek istedi, ancak istediði eriþimin haklarý kendisine verilmiþ deðil. (0xc0000022)
[0623/202854.570:ERROR:exception_snapshot_win.cc(98)] thread ID 12048 not found in process
[0623/202854.570:ERROR:process_reader_win.cc(123)] NtOpenThread: {Eriþim Yok} Bir iþlem bir nesneye eriþmek istedi, ancak istediði eriþimin haklarý kendisine verilmiþ deðil. (0xc0000022)
[0623/202854.571:ERROR:exception_snapshot_win.cc(98)] thread ID 8720 not found in process
[0623/202854.568:ERROR:process_reader_win.cc(151)] SuspendThread: Eriþim engellendi. (0x5)
[0623/202854.594:ERROR:process_reader_win.cc(151)] SuspendThread: Eriþim engellendi. (0x5)
[0623/202854.594:ERROR:process_reader_win.cc(151)] SuspendThread: Eriþim engellendi. (0x5)
[0623/202854.594:ERROR:process_reader_win.cc(151)] SuspendThread: Eriþim engellendi. (0x5)
[0623/202854.594:ERROR:process_reader_win.cc(151)] SuspendThread: Eriþim engellendi. (0x5)
[0623/202854.594:ERROR:process_reader_win.cc(123)] NtOpenThread: {Eriþim Yok} Bir iþlem bir nesneye eriþmek istedi, ancak istediði eriþimin haklarý kendisine verilmiþ deðil. (0xc0000022)
[0623/202854.594:ERROR:exception_snapshot_win.cc(98)] thread ID 11192 not found in process
[0623/202854.673:ERROR:process_reader_win.cc(151)] SuspendThread: Eriþim engellendi. (0x5)
[0623/202854.674:ERROR:process_reader_win.cc(151)] SuspendThread: Eriþim engellendi. (0x5)
[0623/202854.674:ERROR:process_reader_win.cc(151)] SuspendThread: Eriþim engellendi. (0x5)
[0623/202854.675:ERROR:process_reader_win.cc(151)] SuspendThread: Eriþim engellendi. (0x5)
[0623/202854.675:ERROR:process_reader_win.cc(123)] NtOpenThread: {Eriþim Yok} Bir iþlem bir nesneye eriþmek istedi, ancak istediði eriþimin haklarý kendisine verilmiþ deðil. (0xc0000022)
[0623/202854.675:ERROR:exception_snapshot_win.cc(98)] thread ID 13316 not found in process
[0623/205449.762:ERROR:process_reader_win.cc(151)] SuspendThread: Eriþim engellendi. (0x5)
[0623/205449.779:ERROR:process_reader_win.cc(151)] SuspendThread: Eriþim engellendi. (0x5)
[0623/205449.779:ERROR:process_reader_win.cc(151)] SuspendThread: Eriþim engellendi. (0x5)
[0623/205449.779:ERROR:process_reader_win.cc(151)] SuspendThread: Eriþim engellendi. (0x5)
[0623/205449.779:ERROR:process_reader_win.cc(151)] SuspendThread: Eriþim engellendi. (0x5)
[0623/205449.779:ERROR:process_reader_win.cc(151)] SuspendThread: Eriþim engellendi. (0x5)
[0623/205449.779:ERROR:process_reader_win.cc(151)] SuspendThread: Eriþim engellendi. (0x5)
[0623/205449.781:ERROR:process_reader_win.cc(151)] SuspendThread: Eriþim engellendi. (0x5)
[0623/205449.781:ERROR:process_reader_win.cc(151)] SuspendThread: Eriþim engellendi. (0x5)
[0623/205449.781:ERROR:process_reader_win.cc(151)] SuspendThread: Eriþim engellendi. (0x5)
[0623/205449.781:ERROR:process_reader_win.cc(151)] SuspendThread: Eriþim engellendi. (0x5)
[0623/205449.781:ERROR:process_reader_win.cc(151)] SuspendThread: Eriþim engellendi. (0x5)
[0623/205449.781:ERROR:process_reader_win.cc(151)] SuspendThread: Eriþim engellendi. (0x5)
[0623/205449.781:ERROR:process_reader_win.cc(151)] SuspendThread: Eriþim engellendi. (0x5)
[0623/205449.781:ERROR:process_reader_win.cc(151)] SuspendThread: Eriþim engellendi. (0x5)
[0623/205449.781:ERROR:process_reader_win.cc(151)] SuspendThread: Eriþim engellendi. (0x5)
[0623/205449.781:ERROR:process_reader_win.cc(151)] SuspendThread: Eriþim engellendi. (0x5)
[0623/205449.781:ERROR:process_reader_win.cc(123)] NtOpenThread: {Eriþim Yok} Bir iþlem bir nesneye eriþmek istedi, ancak istediði eriþimin haklarý kendisine verilmiþ deðil. (0xc0000022)
[0623/205449.781:ERROR:exception_snapshot_win.cc(98)] thread ID 9536 not found in process
[0623/205449.764:ERROR:process_reader_win.cc(151)] SuspendThread: Eriþim engellendi. (0x5)
[0623/205449.789:ERROR:process_reader_win.cc(151)] SuspendThread: Eriþim engellendi. (0x5)
[0623/205449.789:ERROR:process_reader_win.cc(151)] SuspendThread: Eriþim engellendi. (0x5)
[0623/205449.789:ERROR:process_reader_win.cc(151)] SuspendThread: Eriþim engellendi. (0x5)
[0623/205449.789:ERROR:process_reader_win.cc(151)] SuspendThread: Eriþim engellendi. (0x5)
[0623/205449.789:ERROR:process_reader_win.cc(151)] SuspendThread: Eriþim engellendi. (0x5)
[0623/205449.789:ERROR:process_reader_win.cc(151)] SuspendThread: Eriþim engellendi. (0x5)
[0623/205449.789:ERROR:process_reader_win.cc(151)] SuspendThread: Eriþim engellendi. (0x5)
[0623/205449.789:ERROR:process_reader_win.cc(123)] NtOpenThread: {Eriþim Yok} Bir iþlem bir nesneye eriþmek istedi, ancak istediði eriþimin haklarý kendisine verilmiþ deðil. (0xc0000022)
[0623/205449.789:ERROR:exception_snapshot_win.cc(98)] thread ID 13356 not found in process
[0623/212610.294:ERROR:process_reader_win.cc(123)] NtOpenThread: {Eriþim Yok} Bir iþlem bir nesneye eriþmek istedi, ancak istediði eriþimin haklarý kendisine verilmiþ deðil. (0xc0000022)
[0623/212610.295:ERROR:exception_snapshot_win.cc(98)] thread ID 5496 not found in process
[0623/212611.389:ERROR:process_reader_win.cc(123)] NtOpenThread: {Eriþim Yok} Bir iþlem bir nesneye eriþmek istedi, ancak istediði eriþimin haklarý kendisine verilmiþ deðil. (0xc0000022)
[0623/212611.389:ERROR:exception_snapshot_win.cc(98)] thread ID 16532 not found in process
[0701/205951.251:ERROR:process_reader_win.cc(123)] NtOpenThread: {Eriþim Yok} Bir iþlem bir nesneye eriþmek istedi, ancak istediði eriþimin haklarý kendisine verilmiþ deðil. (0xc0000022)
[0701/205951.282:ERROR:exception_snapshot_win.cc(98)] thread ID 12588 not found in process
[0922/210535.127:ERROR:process_reader_win.cc(123)] NtOpenThread: {Eriþim Yok} Bir iþlem bir nesneye eriþmek istedi, ancak istediði eriþimin haklarý kendisine verilmiþ deðil. (0xc0000022)
[0922/210535.132:ERROR:process_reader_win.cc(123)] NtOpenThread: {Eriþim Yok} Bir iþlem bir nesneye eriþmek istedi, ancak istediði eriþimin haklarý kendisine verilmiþ deðil. (0xc0000022)
[0922/210535.564:ERROR:exception_snapshot_win.cc(98)] thread ID 12696 not found in process
[0922/210535.564:ERROR:exception_snapshot_win.cc(98)] thread ID 1820 not found in process
[0922/220115.312:ERROR:process_reader_win.cc(123)] NtOpenThread: {Eriþim Yok} Bir iþlem bir nesneye eriþmek istedi, ancak istediði eriþimin haklarý kendisine verilmiþ deðil. (0xc0000022)
[0922/220115.313:ERROR:exception_snapshot_win.cc(98)] thread ID 7484 not found in process
[0922/220232.577:ERROR:process_reader_win.cc(123)] NtOpenThread: {Eriþim Yok} Bir iþlem bir nesneye eriþmek istedi, ancak istediði eriþimin haklarý kendisine verilmiþ deðil. (0xc0000022)
[0922/220232.578:ERROR:exception_snapshot_win.cc(98)] thread ID 10544 not found in process
[1125/203045.090:ERROR:process_reader_win.cc(123)] NtOpenThread: {Eriþim Yok} Bir iþlem bir nesneye eriþmek istedi, ancak istediði eriþimin haklarý kendisine verilmiþ deðil. (0xc0000022)
[1125/203045.528:ERROR:exception_snapshot_win.cc(98)] thread ID 2768 not found in process
[1202/011608.315:ERROR:process_reader_win.cc(123)] NtOpenThread: {Eriþim Yok} Bir iþlem bir nesneye eriþmek istedi, ancak istediði eriþimin haklarý kendisine verilmiþ deðil. (0xc0000022)
[1202/011608.337:ERROR:exception_snapshot_win.cc(98)] thread ID 16068 not found in process
[1202/011742.630:ERROR:process_reader_win.cc(123)] NtOpenThread: {Eriþim Yok} Bir iþlem bir nesneye eriþmek istedi, ancak istediði eriþimin haklarý kendisine verilmiþ deðil. (0xc0000022)
[1202/011742.630:ERROR:exception_snapshot_win.cc(98)] thread ID 15480 not found in process
[1203/210355.169:ERROR:process_reader_win.cc(123)] NtOpenThread: {Eriþim Yok} Bir iþlem bir nesneye eriþmek istedi, ancak istediði eriþimin haklarý kendisine verilmiþ deðil. (0xc0000022)
[1203/210355.192:ERROR:exception_snapshot_win.cc(98)] thread ID 9500 not found in process
[1203/215920.348:ERROR:process_reader_win.cc(123)] NtOpenThread: {Eriþim Yok} Bir iþlem bir nesneye eriþmek istedi, ancak istediði eriþimin haklarý kendisine verilmiþ deðil. (0xc0000022)
[1203/215920.348:ERROR:exception_snapshot_win.cc(98)] thread ID 16540 not found in process
[1203/220234.040:ERROR:process_reader_win.cc(123)] NtOpenThread: {Eriþim Yok} Bir iþlem bir nesneye eriþmek istedi, ancak istediði eriþimin haklarý kendisine verilmiþ deðil. (0xc0000022)
[1203/220234.041:ERROR:exception_snapshot_win.cc(98)] thread ID 12944 not found in process
[1203/232922.726:ERROR:process_reader_win.cc(123)] NtOpenThread: {Eriþim Yok} Bir iþlem bir nesneye eriþmek istedi, ancak istediði eriþimin haklarý kendisine verilmiþ deðil. (0xc0000022)
[1203/232922.727:ERROR:exception_snapshot_win.cc(98)] thread ID 12172 not found in process
[1203/233105.722:ERROR:process_reader_win.cc(123)] NtOpenThread: {Eriþim Yok} Bir iþlem bir nesneye eriþmek istedi, ancak istediði eriþimin haklarý kendisine verilmiþ deðil. (0xc0000022)
[1203/233105.723:ERROR:exception_snapshot_win.cc(98)] thread ID 18064 not found in process
[1203/233337.837:ERROR:process_reader_win.cc(123)] NtOpenThread: {Eriþim Yok} Bir iþlem bir nesneye eriþmek istedi, ancak istediði eriþimin haklarý kendisine verilmiþ deðil. (0xc0000022)
[1203/233337.838:ERROR:exception_snapshot_win.cc(98)] thread ID 14012 not found in process
[1203/234024.053:ERROR:process_reader_win.cc(123)] NtOpenThread: {Eriþim Yok} Bir iþlem bir nesneye eriþmek istedi, ancak istediði eriþimin haklarý kendisine verilmiþ deðil. (0xc0000022)
[1203/234024.054:ERROR:exception_snapshot_win.cc(98)] thread ID 18356 not found in process
[1203/234025.361:ERROR:process_reader_win.cc(123)] NtOpenThread: {Eriþim Yok} Bir iþlem bir nesneye eriþmek istedi, ancak istediði eriþimin haklarý kendisine verilmiþ deðil. (0xc0000022)
[1203/234025.362:ERROR:exception_snapshot_win.cc(98)] thread ID 19016 not found in process
[1203/234139.745:ERROR:process_reader_win.cc(151)] SuspendThread: Eriþim engellendi. (0x5)
[1203/234139.746:ERROR:process_reader_win.cc(151)] SuspendThread: Eriþim engellendi. (0x5)
[1203/234139.746:ERROR:process_reader_win.cc(151)] SuspendThread: Eriþim engellendi. (0x5)
[1203/234139.746:ERROR:process_reader_win.cc(151)] SuspendThread: Eriþim engellendi. (0x5)
[1203/234139.746:ERROR:process_reader_win.cc(151)] SuspendThread: Eriþim engellendi. (0x5)
[1203/234139.746:ERROR:process_reader_win.cc(151)] SuspendThread: Eriþim engellendi. (0x5)
[1203/234139.746:ERROR:process_reader_win.cc(123)] NtOpenThread: {Eriþim Yok} Bir iþlem bir nesneye eriþmek istedi, ancak istediði eriþimin haklarý kendisine verilmiþ deðil. (0xc0000022)
[1203/234139.746:ERROR:exception_snapshot_win.cc(98)] thread ID 17376 not found in process
[1203/234805.963:ERROR:process_reader_win.cc(151)] SuspendThread: Eriþim engellendi. (0x5)
[1203/234805.977:ERROR:process_reader_win.cc(151)] SuspendThread: Eriþim engellendi. (0x5)
[1203/234805.977:ERROR:process_reader_win.cc(151)] SuspendThread: Eriþim engellendi. (0x5)
[1203/234805.977:ERROR:process_reader_win.cc(151)] SuspendThread: Eriþim engellendi. (0x5)
[1203/234805.977:ERROR:process_reader_win.cc(123)] NtOpenThread: {Eriþim Yok} Bir iþlem bir nesneye eriþmek istedi, ancak istediði eriþimin haklarý kendisine verilmiþ deðil. (0xc0000022)
[1203/234805.978:ERROR:exception_snapshot_win.cc(98)] thread ID 17140 not found in process
[1203/234805.963:ERROR:process_reader_win.cc(151)] SuspendThread: Eriþim engellendi. (0x5)
[1203/234805.979:ERROR:process_reader_win.cc(151)] SuspendThread: Eriþim engellendi. (0x5)
[1203/234805.979:ERROR:process_reader_win.cc(151)] SuspendThread: Eriþim engellendi. (0x5)
[1203/234805.979:ERROR:process_reader_win.cc(151)] SuspendThread: Eriþim engellendi. (0x5)
[1203/234805.979:ERROR:process_reader_win.cc(151)] SuspendThread: Eriþim engellendi. (0x5)
[1203/234805.979:ERROR:process_reader_win.cc(123)] NtOpenThread: {Eriþim Yok} Bir iþlem bir nesneye eriþmek istedi, ancak istediði eriþimin haklarý kendisine verilmiþ deðil. (0xc0000022)
[1203/234805.979:ERROR:exception_snapshot_win.cc(98)] thread ID 15560 not found in process
[1204/002028.749:ERROR:process_reader_win.cc(151)] SuspendThread: Eriþim engellendi. (0x5)
[1204/002028.750:ERROR:process_reader_win.cc(151)] SuspendThread: Eriþim engellendi. (0x5)
[1204/002028.750:ERROR:process_reader_win.cc(123)] NtOpenThread: {Eriþim Yok} Bir iþlem bir nesneye eriþmek istedi, ancak istediði eriþimin haklarý kendisine verilmiþ deðil. (0xc0000022)
[1204/002028.750:ERROR:exception_snapshot_win.cc(98)] thread ID 16540 not found in process
[1204/002028.714:ERROR:process_reader_win.cc(151)] SuspendThread: Eriþim engellendi. (0x5)
[1204/002028.750:ERROR:process_reader_win.cc(151)] SuspendThread: Eriþim engellendi. (0x5)
[1204/002028.750:ERROR:process_reader_win.cc(151)] SuspendThread: Eriþim engellendi. (0x5)
[1204/002028.750:ERROR:process_reader_win.cc(123)] NtOpenThread: {Eriþim Yok} Bir iþlem bir nesneye eriþmek istedi, ancak istediði eriþimin haklarý kendisine verilmiþ deðil. (0xc0000022)
[1204/002028.751:ERROR:exception_snapshot_win.cc(98)] thread ID 18424 not found in process
[1204/002028.750:ERROR:process_reader_win.cc(123)] NtOpenThread: {Eriþim Yok} Bir iþlem bir nesneye eriþmek istedi, ancak istediði eriþimin haklarý kendisine verilmiþ deðil. (0xc0000022)
[1204/002028.751:ERROR:exception_snapshot_win.cc(98)] thread ID 752 not found in process
[1204/002028.762:ERROR:process_reader_win.cc(123)] NtOpenThread: {Eriþim Yok} Bir iþlem bir nesneye eriþmek istedi, ancak istediði eriþimin haklarý kendisine verilmiþ deðil. (0xc0000022)
[1204/002028.763:ERROR:exception_snapshot_win.cc(98)] thread ID 4952 not found in process
[1204/005155.548:ERROR:process_reader_win.cc(123)] NtOpenThread: {Eriþim Yok} Bir iþlem bir nesneye eriþmek istedi, ancak istediði eriþimin haklarý kendisine verilmiþ deðil. (0xc0000022)
[1204/005155.549:ERROR:exception_snapshot_win.cc(98)] thread ID 18468 not found in process
[1204/005202.553:ERROR:process_reader_win.cc(123)] NtOpenThread: {Eriþim Yok} Bir iþlem bir nesneye eriþmek istedi, ancak istediði eriþimin haklarý kendisine verilmiþ deðil. (0xc0000022)
[1204/005202.553:ERROR:exception_snapshot_win.cc(98)] thread ID 9496 not found in process
[1204/005202.572:ERROR:process_reader_win.cc(123)] NtOpenThread: {Eriþim Yok} Bir iþlem bir nesneye eriþmek istedi, ancak istediði eriþimin haklarý kendisine verilmiþ deðil. (0xc0000022)
[1204/005202.573:ERROR:exception_snapshot_win.cc(98)] thread ID 20196 not found in process
[1205/073700.256:ERROR:process_reader_win.cc(151)] SuspendThread: Eriþim engellendi. (0x5)
[1205/073700.280:ERROR:process_reader_win.cc(151)] SuspendThread: Eriþim engellendi. (0x5)
[1205/073700.284:ERROR:process_reader_win.cc(151)] SuspendThread: Eriþim engellendi. (0x5)
[1205/073700.284:ERROR:process_reader_win.cc(151)] SuspendThread: Eriþim engellendi. (0x5)
[1205/073700.284:ERROR:process_reader_win.cc(151)] SuspendThread: Eriþim engellendi. (0x5)
[1205/073700.284:ERROR:process_reader_win.cc(151)] SuspendThread: Eriþim engellendi. (0x5)
[1205/073700.284:ERROR:process_reader_win.cc(151)] SuspendThread: Eriþim engellendi. (0x5)
[1205/073700.281:ERROR:process_reader_win.cc(151)] SuspendThread: Eriþim engellendi. (0x5)
[1205/073700.285:ERROR:process_reader_win.cc(151)] SuspendThread: Eriþim engellendi. (0x5)
[1205/073700.284:ERROR:process_reader_win.cc(123)] NtOpenThread: {Eriþim Yok} Bir iþlem bir nesneye eriþmek istedi, ancak istediði eriþimin haklarý kendisine verilmiþ deðil. (0xc0000022)
[1205/073700.285:ERROR:exception_snapshot_win.cc(98)] thread ID 19280 not found in process
[1205/073700.285:ERROR:process_reader_win.cc(151)] SuspendThread: Eriþim engellendi. (0x5)
[1205/073700.285:ERROR:process_reader_win.cc(151)] SuspendThread: Eriþim engellendi. (0x5)
[1205/073700.285:ERROR:process_reader_win.cc(151)] SuspendThread: Eriþim engellendi. (0x5)
[1205/073700.285:ERROR:process_reader_win.cc(123)] NtOpenThread: {Eriþim Yok} Bir iþlem bir nesneye eriþmek istedi, ancak istediði eriþimin haklarý kendisine verilmiþ deðil. (0xc0000022)
[1205/073700.285:ERROR:exception_snapshot_win.cc(98)] thread ID 11172 not found in process
[1205/073700.284:ERROR:process_reader_win.cc(123)] NtOpenThread: {Eriþim Yok} Bir iþlem bir nesneye eriþmek istedi, ancak istediði eriþimin haklarý kendisine verilmiþ deðil. (0xc0000022)
[1205/073700.285:ERROR:exception_snapshot_win.cc(98)] thread ID 14824 not found in process
[1209/094553.914:ERROR:process_reader_win.cc(123)] NtOpenThread: {Access Denied} A process has requested access to an object, but has not been granted those access rights. (0xc0000022)
[1209/094553.961:ERROR:exception_snapshot_win.cc(98)] thread ID 5644 not found in process
[1209/094555.304:ERROR:process_reader_win.cc(123)] NtOpenThread: {Access Denied} A process has requested access to an object, but has not been granted those access rights. (0xc0000022)
[1209/094555.305:ERROR:exception_snapshot_win.cc(98)] thread ID 11296 not found in process
[1209/133831.781:ERROR:process_reader_win.cc(123)] NtOpenThread: {Access Denied} A process has requested access to an object, but has not been granted those access rights. (0xc0000022)
[1209/133831.786:ERROR:exception_snapshot_win.cc(98)] thread ID 632 not found in process
[1209/133832.305:ERROR:process_reader_win.cc(123)] NtOpenThread: {Access Denied} A process has requested access to an object, but has not been granted those access rights. (0xc0000022)
[1209/133832.305:ERROR:exception_snapshot_win.cc(98)] thread ID 3168 not found in process
[0206/161134.275:ERROR:process_reader_win.cc(123)] NtOpenThread: {Access Denied} A process has requested access to an object, but has not been granted those access rights. (0xc0000022)
[0206/161134.276:ERROR:exception_snapshot_win.cc(98)] thread ID 10660 not found in process
[0206/161634.057:ERROR:process_reader_win.cc(123)] NtOpenThread: {Access Denied} A process has requested access to an object, but has not been granted those access rights. (0xc0000022)
[0206/161634.058:ERROR:exception_snapshot_win.cc(98)] thread ID 10276 not found in process
[0312/224827.089:ERROR:process_reader_win.cc(123)] NtOpenThread: {Eriþim Yok} Bir iþlem bir nesneye eriþmek istedi, ancak istediði eriþimin haklarý kendisine verilmiþ deðil. (0xc0000022)
[0312/224827.090:ERROR:exception_snapshot_win.cc(98)] thread ID 13168 not found in process
[0312/224827.141:ERROR:process_reader_win.cc(123)] NtOpenThread: {Eriþim Yok} Bir iþlem bir nesneye eriþmek istedi, ancak istediði eriþimin haklarý kendisine verilmiþ deðil. (0xc0000022)
[0312/224827.141:ERROR:exception_snapshot_win.cc(98)] thread ID 12120 not found in process
[0320/002542.447:ERROR:process_reader_win.cc(123)] NtOpenThread: {Eriþim Yok} Bir iþlem bir nesneye eriþmek istedi, ancak istediði eriþimin haklarý kendisine verilmiþ deðil. (0xc0000022)
[0320/002542.448:ERROR:exception_snapshot_win.cc(98)] thread ID 2948 not found in process
[0320/002542.497:ERROR:process_reader_win.cc(123)] NtOpenThread: {Eriþim Yok} Bir iþlem bir nesneye eriþmek istedi, ancak istediði eriþimin haklarý kendisine verilmiþ deðil. (0xc0000022)
[0320/002542.497:ERROR:exception_snapshot_win.cc(98)] thread ID 13572 not found in process
[0324/015253.371:ERROR:process_reader_win.cc(151)] SuspendThread: Eriþim engellendi. (0x5)
[0324/015253.372:ERROR:process_reader_win.cc(151)] SuspendThread: Eriþim engellendi. (0x5)
[0324/015253.372:ERROR:process_reader_win.cc(151)] SuspendThread: Eriþim engellendi. (0x5)
[0324/015253.372:ERROR:process_reader_win.cc(151)] SuspendThread: Eriþim engellendi. (0x5)
[0324/015253.372:ERROR:process_reader_win.cc(151)] SuspendThread: Eriþim engellendi. (0x5)
[0324/015253.372:ERROR:process_reader_win.cc(151)] SuspendThread: Eriþim engellendi. (0x5)
[0324/015253.372:ERROR:process_reader_win.cc(151)] SuspendThread: Eriþim engellendi. (0x5)
[0324/015253.372:ERROR:process_reader_win.cc(151)] SuspendThread: Eriþim engellendi. (0x5)
[0324/015253.372:ERROR:process_reader_win.cc(151)] SuspendThread: Eriþim engellendi. (0x5)
[0324/015253.372:ERROR:process_reader_win.cc(151)] SuspendThread: Eriþim engellendi. (0x5)
[0324/015253.373:ERROR:process_reader_win.cc(151)] SuspendThread: Eriþim engellendi. (0x5)
[0324/015253.373:ERROR:process_reader_win.cc(151)] SuspendThread: Eriþim engellendi. (0x5)
[0324/015253.373:ERROR:process_reader_win.cc(151)] SuspendThread: Eriþim engellendi. (0x5)
[0324/015253.373:ERROR:process_reader_win.cc(151)] SuspendThread: Eriþim engellendi. (0x5)
[0324/015253.373:ERROR:process_reader_win.cc(151)] SuspendThread: Eriþim engellendi. (0x5)
[0324/015253.373:ERROR:process_reader_win.cc(151)] SuspendThread: Eriþim engellendi. (0x5)
[0324/015253.373:ERROR:process_reader_win.cc(151)] SuspendThread: Eriþim engellendi. (0x5)
[0324/015253.372:ERROR:process_reader_win.cc(123)] NtOpenThread: {Eriþim Yok} Bir iþlem bir nesneye eriþmek istedi, ancak istediði eriþimin haklarý kendisine verilmiþ deðil. (0xc0000022)
[0324/015253.373:ERROR:exception_snapshot_win.cc(98)] thread ID 972 not found in process
[0324/015253.373:ERROR:process_reader_win.cc(123)] NtOpenThread: {Eriþim Yok} Bir iþlem bir nesneye eriþmek istedi, ancak istediði eriþimin haklarý kendisine verilmiþ deðil. (0xc0000022)
[0324/015253.373:ERROR:exception_snapshot_win.cc(98)] thread ID 9088 not found in process
[0324/015253.385:ERROR:process_reader_win.cc(151)] SuspendThread: Eriþim engellendi. (0x5)
[0324/015253.385:ERROR:process_reader_win.cc(151)] SuspendThread: Eriþim engellendi. (0x5)
[0324/015253.385:ERROR:process_reader_win.cc(151)] SuspendThread: Eriþim engellendi. (0x5)
[0324/015253.385:ERROR:process_reader_win.cc(151)] SuspendThread: Eriþim engellendi. (0x5)
[0324/015253.385:ERROR:process_reader_win.cc(151)] SuspendThread: Eriþim engellendi. (0x5)
[0324/015253.385:ERROR:process_reader_win.cc(151)] SuspendThread: Eriþim engellendi. (0x5)
[0324/015253.385:ERROR:process_reader_win.cc(151)] SuspendThread: Eriþim engellendi. (0x5)
[0324/015253.385:ERROR:process_reader_win.cc(151)] SuspendThread: Eriþim engellendi. (0x5)
[0324/015253.385:ERROR:process_reader_win.cc(151)] SuspendThread: Eriþim engellendi. (0x5)
[0324/015253.385:ERROR:process_reader_win.cc(151)] SuspendThread: Eriþim engellendi. (0x5)
[0324/015253.385:ERROR:process_reader_win.cc(123)] NtOpenThread: {Eriþim Yok} Bir iþlem bir nesneye eriþmek istedi, ancak istediði eriþimin haklarý kendisine verilmiþ deðil. (0xc0000022)
[0324/015253.386:ERROR:exception_snapshot_win.cc(98)] thread ID 19684 not found in process
[0324/015253.414:ERROR:process_reader_win.cc(151)] SuspendThread: Eriþim engellendi. (0x5)
[0324/015253.414:ERROR:process_reader_win.cc(151)] SuspendThread: Eriþim engellendi. (0x5)
[0324/015253.414:ERROR:process_reader_win.cc(151)] SuspendThread: Eriþim engellendi. (0x5)
[0324/015253.414:ERROR:process_reader_win.cc(151)] SuspendThread: Eriþim engellendi. (0x5)
[0324/015253.414:ERROR:process_reader_win.cc(123)] NtOpenThread: {Eriþim Yok} Bir iþlem bir nesneye eriþmek istedi, ancak istediði eriþimin haklarý kendisine verilmiþ deðil. (0xc0000022)
[0324/015253.414:ERROR:exception_snapshot_win.cc(98)] thread ID 10652 not found in process
[0324/015253.432:ERROR:process_reader_win.cc(151)] SuspendThread: Eriþim engellendi. (0x5)
[0324/015253.433:ERROR:process_reader_win.cc(151)] SuspendThread: Eriþim engellendi. (0x5)
[0324/015253.433:ERROR:process_reader_win.cc(151)] SuspendThread: Eriþim engellendi. (0x5)
[0324/015253.433:ERROR:process_reader_win.cc(151)] SuspendThread: Eriþim engellendi. (0x5)
[0324/015253.433:ERROR:process_reader_win.cc(123)] NtOpenThread: {Eriþim Yok} Bir iþlem bir nesneye eriþmek istedi, ancak istediði eriþimin haklarý kendisine verilmiþ deðil. (0xc0000022)
[0324/015253.433:ERROR:exception_snapshot_win.cc(98)] thread ID 14696 not found in process
[0324/015253.445:ERROR:process_reader_win.cc(123)] NtOpenThread: {Eriþim Yok} Bir iþlem bir nesneye eriþmek istedi, ancak istediði eriþimin haklarý kendisine verilmiþ deðil. (0xc0000022)
[0324/015253.445:ERROR:exception_snapshot_win.cc(98)] thread ID 9844 not found in process
[0324/015754.254:ERROR:process_reader_win.cc(123)] NtOpenThread: {Eriþim Yok} Bir iþlem bir nesneye eriþmek istedi, ancak istediði eriþimin haklarý kendisine verilmiþ deðil. (0xc0000022)
[0324/015754.254:ERROR:exception_snapshot_win.cc(98)] thread ID 21140 not found in process
[0324/015754.298:ERROR:process_reader_win.cc(123)] NtOpenThread: {Eriþim Yok} Bir iþlem bir nesneye eriþmek istedi, ancak istediði eriþimin haklarý kendisine verilmiþ deðil. (0xc0000022)
[0324/015754.298:ERROR:exception_snapshot_win.cc(98)] thread ID 20276 not found in process
[0324/180437.919:ERROR:process_reader_win.cc(123)] NtOpenThread: {Eriþim Yok} Bir iþlem bir nesneye eriþmek istedi, ancak istediði eriþimin haklarý kendisine verilmiþ deðil. (0xc0000022)
[0324/180437.921:ERROR:exception_snapshot_win.cc(98)] thread ID 15204 not found in process
[0324/180437.970:ERROR:process_reader_win.cc(123)] NtOpenThread: {Eriþim Yok} Bir iþlem bir nesneye eriþmek istedi, ancak istediði eriþimin haklarý kendisine verilmiþ deðil. (0xc0000022)
[0324/180437.970:ERROR:exception_snapshot_win.cc(98)] thread ID 19616 not found in process
[0324/180438.557:ERROR:process_reader_win.cc(123)] NtOpenThread: {Eriþim Yok} Bir iþlem bir nesneye eriþmek istedi, ancak istediði eriþimin haklarý kendisine verilmiþ deðil. (0xc0000022)
[0324/180438.558:ERROR:exception_snapshot_win.cc(98)] thread ID 2352 not found in process
[0324/180438.602:ERROR:process_reader_win.cc(123)] NtOpenThread: {Eriþim Yok} Bir iþlem bir nesneye eriþmek istedi, ancak istediði eriþimin haklarý kendisine verilmiþ deðil. (0xc0000022)
[0324/180438.602:ERROR:exception_snapshot_win.cc(98)] thread ID 7372 not found in process
[0324/195520.823:ERROR:process_reader_win.cc(123)] NtOpenThread: {Eriþim Yok} Bir iþlem bir nesneye eriþmek istedi, ancak istediði eriþimin haklarý kendisine verilmiþ deðil. (0xc0000022)
[0324/195520.825:ERROR:process_reader_win.cc(123)] NtOpenThread: {Eriþim Yok} Bir iþlem bir nesneye eriþmek istedi, ancak istediði eriþimin haklarý kendisine verilmiþ deðil. (0xc0000022)
[0324/195520.826:ERROR:exception_snapshot_win.cc(98)] thread ID 10188 not found in process
[0324/195520.826:ERROR:exception_snapshot_win.cc(98)] thread ID 1804 not found in process
[0324/195520.904:ERROR:process_reader_win.cc(151)] SuspendThread: Eriþim engellendi. (0x5)
[0324/195520.904:ERROR:process_reader_win.cc(151)] SuspendThread: Eriþim engellendi. (0x5)
[0324/195520.904:ERROR:process_reader_win.cc(151)] SuspendThread: Eriþim engellendi. (0x5)
[0324/195520.904:ERROR:process_reader_win.cc(151)] SuspendThread: Eriþim engellendi. (0x5)
[0324/195520.904:ERROR:process_reader_win.cc(123)] NtOpenThread: {Eriþim Yok} Bir iþlem bir nesneye eriþmek istedi, ancak istediði eriþimin haklarý kendisine verilmiþ deðil. (0xc0000022)
[0324/195520.904:ERROR:exception_snapshot_win.cc(98)] thread ID 17100 not found in process
[0324/195520.910:ERROR:process_reader_win.cc(151)] SuspendThread: Eriþim engellendi. (0x5)
[0324/195520.910:ERROR:process_reader_win.cc(151)] SuspendThread: Eriþim engellendi. (0x5)
[0324/195520.911:ERROR:process_reader_win.cc(151)] SuspendThread: Eriþim engellendi. (0x5)
[0324/195520.911:ERROR:process_reader_win.cc(151)] SuspendThread: Eriþim engellendi. (0x5)
[0324/195520.911:ERROR:process_reader_win.cc(151)] SuspendThread: Eriþim engellendi. (0x5)
[0324/195520.911:ERROR:process_reader_win.cc(123)] NtOpenThread: {Eriþim Yok} Bir iþlem bir nesneye eriþmek istedi, ancak istediði eriþimin haklarý kendisine verilmiþ deðil. (0xc0000022)
[0324/195520.911:ERROR:exception_snapshot_win.cc(98)] thread ID 19000 not found in process
[0324/200249.380:ERROR:process_reader_win.cc(123)] NtOpenThread: {Eriþim Yok} Bir iþlem bir nesneye eriþmek istedi, ancak istediði eriþimin haklarý kendisine verilmiþ deðil. (0xc0000022)
[0324/200249.380:ERROR:exception_snapshot_win.cc(98)] thread ID 18220 not found in process
[0324/200249.448:ERROR:process_reader_win.cc(123)] NtOpenThread: {Eriþim Yok} Bir iþlem bir nesneye eriþmek istedi, ancak istediði eriþimin haklarý kendisine verilmiþ deðil. (0xc0000022)
[0324/200249.448:ERROR:exception_snapshot_win.cc(98)] thread ID 3896 not found in process
[0324/203026.321:ERROR:process_reader_win.cc(123)] NtOpenThread: {Eriþim Yok} Bir iþlem bir nesneye eriþmek istedi, ancak istediði eriþimin haklarý kendisine verilmiþ deðil. (0xc0000022)
[0324/203026.322:ERROR:exception_snapshot_win.cc(98)] thread ID 13760 not found in process
[0324/203026.417:ERROR:process_reader_win.cc(151)] SuspendThread: Eriþim engellendi. (0x5)
[0324/203026.417:ERROR:process_reader_win.cc(151)] SuspendThread: Eriþim engellendi. (0x5)
[0324/203026.418:ERROR:process_reader_win.cc(151)] SuspendThread: Eriþim engellendi. (0x5)
[0324/203026.418:ERROR:process_reader_win.cc(151)] SuspendThread: Eriþim engellendi. (0x5)
[0324/203026.418:ERROR:process_reader_win.cc(151)] SuspendThread: Eriþim engellendi. (0x5)
[0324/203026.418:ERROR:process_reader_win.cc(151)] SuspendThread: Eriþim engellendi. (0x5)
[0324/203026.418:ERROR:process_reader_win.cc(123)] NtOpenThread: {Eriþim Yok} Bir iþlem bir nesneye eriþmek istedi, ancak istediði eriþimin haklarý kendisine verilmiþ deðil. (0xc0000022)
[0324/203026.418:ERROR:exception_snapshot_win.cc(98)] thread ID 15312 not found in process
[0324/203649.602:ERROR:process_reader_win.cc(151)] SuspendThread: Eriþim engellendi. (0x5)
[0324/203649.602:ERROR:process_reader_win.cc(151)] SuspendThread: Eriþim engellendi. (0x5)
[0324/203649.602:ERROR:process_reader_win.cc(151)] SuspendThread: Eriþim engellendi. (0x5)
[0324/203649.602:ERROR:process_reader_win.cc(151)] SuspendThread: Eriþim engellendi. (0x5)
[0324/203649.602:ERROR:process_reader_win.cc(151)] SuspendThread: Eriþim engellendi. (0x5)
[0324/203649.602:ERROR:process_reader_win.cc(151)] SuspendThread: Eriþim engellendi. (0x5)
[0324/203649.602:ERROR:process_reader_win.cc(151)] SuspendThread: Eriþim engellendi. (0x5)
[0324/203649.602:ERROR:process_reader_win.cc(151)] SuspendThread: Eriþim engellendi. (0x5)
[0324/203649.602:ERROR:process_reader_win.cc(151)] SuspendThread: Eriþim engellendi. (0x5)
[0324/203649.602:ERROR:process_reader_win.cc(151)] SuspendThread: Eriþim engellendi. (0x5)
[0324/203649.602:ERROR:process_reader_win.cc(151)] SuspendThread: Eriþim engellendi. (0x5)
[0324/203649.602:ERROR:process_reader_win.cc(151)] SuspendThread: Eriþim engellendi. (0x5)
[0324/203649.602:ERROR:process_reader_win.cc(151)] SuspendThread: Eriþim engellendi. (0x5)
[0324/203649.602:ERROR:process_reader_win.cc(151)] SuspendThread: Eriþim engellendi. (0x5)
[0324/203649.602:ERROR:process_reader_win.cc(151)] SuspendThread: Eriþim engellendi. (0x5)
[0324/203649.602:ERROR:process_reader_win.cc(151)] SuspendThread: Eriþim engellendi. (0x5)
[0324/203649.602:ERROR:process_reader_win.cc(151)] SuspendThread: Eriþim engellendi. (0x5)
[0324/203649.603:ERROR:process_reader_win.cc(151)] SuspendThread: Eriþim engellendi. (0x5)
[0324/203649.602:ERROR:process_reader_win.cc(123)] NtOpenThread: {Eriþim Yok} Bir iþlem bir nesneye eriþmek istedi, ancak istediði eriþimin haklarý kendisine verilmiþ deðil. (0xc0000022)
[0324/203649.603:ERROR:exception_snapshot_win.cc(98)] thread ID 11132 not found in process
[0324/203649.603:ERROR:process_reader_win.cc(123)] NtOpenThread: {Eriþim Yok} Bir iþlem bir nesneye eriþmek istedi, ancak istediði eriþimin haklarý kendisine verilmiþ deðil. (0xc0000022)
[0324/203649.603:ERROR:exception_snapshot_win.cc(98)] thread ID 8776 not found in process
[0324/203649.604:ERROR:process_reader_win.cc(151)] SuspendThread: Eriþim engellendi. (0x5)
[0324/203649.605:ERROR:process_reader_win.cc(151)] SuspendThread: Eriþim engellendi. (0x5)
[0324/203649.605:ERROR:process_reader_win.cc(151)] SuspendThread: Eriþim engellendi. (0x5)
[0324/203649.605:ERROR:process_reader_win.cc(151)] SuspendThread: Eriþim engellendi. (0x5)
[0324/203649.605:ERROR:process_reader_win.cc(151)] SuspendThread: Eriþim engellendi. (0x5)
[0324/203649.605:ERROR:process_reader_win.cc(151)] SuspendThread: Eriþim engellendi. (0x5)
[0324/203649.605:ERROR:process_reader_win.cc(151)] SuspendThread: Eriþim engellendi. (0x5)
[0324/203649.605:ERROR:process_reader_win.cc(151)] SuspendThread: Eriþim engellendi. (0x5)
[0324/203649.605:ERROR:process_reader_win.cc(151)] SuspendThread: Eriþim engellendi. (0x5)
[0324/203649.605:ERROR:process_reader_win.cc(123)] NtOpenThread: {Eriþim Yok} Bir iþlem bir nesneye eriþmek istedi, ancak istediði eriþimin haklarý kendisine verilmiþ deðil. (0xc0000022)
[0324/203649.605:ERROR:exception_snapshot_win.cc(98)] thread ID 19464 not found in process
[0324/203649.626:ERROR:process_reader_win.cc(151)] SuspendThread: Eriþim engellendi. (0x5)
[0324/203649.627:ERROR:process_reader_win.cc(151)] SuspendThread: Eriþim engellendi. (0x5)
[0324/203649.627:ERROR:process_reader_win.cc(151)] SuspendThread: Eriþim engellendi. (0x5)
[0324/203649.627:ERROR:process_reader_win.cc(151)] SuspendThread: Eriþim engellendi. (0x5)
[0324/203649.627:ERROR:process_reader_win.cc(151)] SuspendThread: Eriþim engellendi. (0x5)
[0324/203649.627:ERROR:process_reader_win.cc(151)] SuspendThread: Eriþim engellendi. (0x5)
[0324/203649.627:ERROR:process_reader_win.cc(151)] SuspendThread: Eriþim engellendi. (0x5)
[0324/203649.627:ERROR:process_reader_win.cc(151)] SuspendThread: Eriþim engellendi. (0x5)
[0324/203649.627:ERROR:process_reader_win.cc(151)] SuspendThread: Eriþim engellendi. (0x5)
[0324/203649.627:ERROR:process_reader_win.cc(151)] SuspendThread: Eriþim engellendi. (0x5)
[0324/203649.627:ERROR:process_reader_win.cc(123)] NtOpenThread: {Eriþim Yok} Bir iþlem bir nesneye eriþmek istedi, ancak istediði eriþimin haklarý kendisine verilmiþ deðil. (0xc0000022)
[0324/203649.627:ERROR:exception_snapshot_win.cc(98)] thread ID 20004 not found in process
[0324/203649.653:ERROR:process_reader_win.cc(151)] SuspendThread: Eriþim engellendi. (0x5)
[0324/203649.653:ERROR:process_reader_win.cc(151)] SuspendThread: Eriþim engellendi. (0x5)
[0324/203649.653:ERROR:process_reader_win.cc(151)] SuspendThread: Eriþim engellendi. (0x5)
[0324/203649.653:ERROR:process_reader_win.cc(151)] SuspendThread: Eriþim engellendi. (0x5)
[0324/203649.653:ERROR:process_reader_win.cc(151)] SuspendThread: Eriþim engellendi. (0x5)
[0324/203649.653:ERROR:process_reader_win.cc(151)] SuspendThread: Eriþim engellendi. (0x5)
[0324/203649.653:ERROR:process_reader_win.cc(151)] SuspendThread: Eriþim engellendi. (0x5)
[0324/203649.653:ERROR:process_reader_win.cc(151)] SuspendThread: Eriþim engellendi. (0x5)
[0324/203649.653:ERROR:process_reader_win.cc(151)] SuspendThread: Eriþim engellendi. (0x5)
[0324/203649.654:ERROR:process_reader_win.cc(151)] SuspendThread: Eriþim engellendi. (0x5)
[0324/203649.654:ERROR:process_reader_win.cc(151)] SuspendThread: Eriþim engellendi. (0x5)
[0324/203649.654:ERROR:process_reader_win.cc(151)] SuspendThread: Eriþim engellendi. (0x5)
[0324/203649.654:ERROR:process_reader_win.cc(151)] SuspendThread: Eriþim engellendi. (0x5)
[0324/203649.654:ERROR:process_reader_win.cc(151)] SuspendThread: Eriþim engellendi. (0x5)
[0324/203649.654:ERROR:process_reader_win.cc(151)] SuspendThread: Eriþim engellendi. (0x5)
[0324/203649.654:ERROR:process_reader_win.cc(151)] SuspendThread: Eriþim engellendi. (0x5)
[0324/203649.654:ERROR:process_reader_win.cc(151)] SuspendThread: Eriþim engellendi. (0x5)
[0324/203649.654:ERROR:process_reader_win.cc(123)] NtOpenThread: {Eriþim Yok} Bir iþlem bir nesneye eriþmek istedi, ancak istediði eriþimin haklarý kendisine verilmiþ deðil. (0xc0000022)
[0324/203649.655:ERROR:exception_snapshot_win.cc(98)] thread ID 7196 not found in process
[0324/203649.656:ERROR:process_reader_win.cc(151)] SuspendThread: Eriþim engellendi. (0x5)
[0324/203649.656:ERROR:process_reader_win.cc(151)] SuspendThread: Eriþim engellendi. (0x5)
[0324/203649.656:ERROR:process_reader_win.cc(151)] SuspendThread: Eriþim engellendi. (0x5)
[0324/203649.656:ERROR:process_reader_win.cc(151)] SuspendThread: Eriþim engellendi. (0x5)
[0324/203649.656:ERROR:process_reader_win.cc(151)] SuspendThread: Eriþim engellendi. (0x5)
[0324/203649.656:ERROR:process_reader_win.cc(151)] SuspendThread: Eriþim engellendi. (0x5)
[0324/203649.656:ERROR:process_reader_win.cc(151)] SuspendThread: Eriþim engellendi. (0x5)
[0324/203649.656:ERROR:process_reader_win.cc(151)] SuspendThread: Eriþim engellendi. (0x5)
[0324/203649.657:ERROR:process_reader_win.cc(151)] SuspendThread: Eriþim engellendi. (0x5)
[0324/203649.657:ERROR:process_reader_win.cc(151)] SuspendThread: Eriþim engellendi. (0x5)
[0324/203649.657:ERROR:process_reader_win.cc(151)] SuspendThread: Eriþim engellendi. (0x5)
[0324/203649.657:ERROR:process_reader_win.cc(151)] SuspendThread: Eriþim engellendi. (0x5)
[0324/203649.657:ERROR:process_reader_win.cc(151)] SuspendThread: Eriþim engellendi. (0x5)
[0324/203649.657:ERROR:process_reader_win.cc(151)] SuspendThread: Eriþim engellendi. (0x5)
[0324/203649.657:ERROR:process_reader_win.cc(151)] SuspendThread: Eriþim engellendi. (0x5)
[0324/203649.657:ERROR:process_reader_win.cc(151)] SuspendThread: Eriþim engellendi. (0x5)
[0324/203649.657:ERROR:process_reader_win.cc(151)] SuspendThread: Eriþim engellendi. (0x5)
[0324/203649.657:ERROR:process_reader_win.cc(151)] SuspendThread: Eriþim engellendi. (0x5)
[0324/203649.657:ERROR:process_reader_win.cc(151)] SuspendThread: Eriþim engellendi. (0x5)
[0324/203649.657:ERROR:process_reader_win.cc(123)] NtOpenThread: {Eriþim Yok} Bir iþlem bir nesneye eriþmek istedi, ancak istediði eriþimin haklarý kendisine verilmiþ deðil. (0xc0000022)
[0324/203649.657:ERROR:exception_snapshot_win.cc(98)] thread ID 7260 not found in process
[0324/203649.658:ERROR:process_reader_win.cc(151)] SuspendThread: Eriþim engellendi. (0x5)
[0324/203649.658:ERROR:process_reader_win.cc(151)] SuspendThread: Eriþim engellendi. (0x5)
[0324/203649.658:ERROR:process_reader_win.cc(151)] SuspendThread: Eriþim engellendi. (0x5)
[0324/203649.658:ERROR:process_reader_win.cc(151)] SuspendThread: Eriþim engellendi. (0x5)
[0324/203649.658:ERROR:process_reader_win.cc(151)] SuspendThread: Eriþim engellendi. (0x5)
[0324/203649.658:ERROR:process_reader_win.cc(151)] SuspendThread: Eriþim engellendi. (0x5)
[0324/203649.658:ERROR:process_reader_win.cc(151)] SuspendThread: Eriþim engellendi. (0x5)
[0324/203649.658:ERROR:process_reader_win.cc(151)] SuspendThread: Eriþim engellendi. (0x5)
[0324/203649.658:ERROR:process_reader_win.cc(151)] SuspendThread: Eriþim engellendi. (0x5)
[0324/203649.658:ERROR:process_reader_win.cc(151)] SuspendThread: Eriþim engellendi. (0x5)
[0324/203649.658:ERROR:process_reader_win.cc(151)] SuspendThread: Eriþim engellendi. (0x5)
[0324/203649.659:ERROR:process_reader_win.cc(151)] SuspendThread: Eriþim engellendi. (0x5)
[0324/203649.659:ERROR:process_reader_win.cc(151)] SuspendThread: Eriþim engellendi. (0x5)
[0324/203649.659:ERROR:process_reader_win.cc(151)] SuspendThread: Eriþim engellendi. (0x5)
[0324/203649.659:ERROR:process_reader_win.cc(151)] SuspendThread: Eriþim engellendi. (0x5)
[0324/203649.659:ERROR:process_reader_win.cc(151)] SuspendThread: Eriþim engellendi. (0x5)
[0324/203649.659:ERROR:process_reader_win.cc(151)] SuspendThread: Eriþim engellendi. (0x5)
[0324/203649.659:ERROR:process_reader_win.cc(151)] SuspendThread: Eriþim engellendi. (0x5)
[0324/203649.659:ERROR:process_reader_win.cc(151)] SuspendThread: Eriþim engellendi. (0x5)
[0324/203649.659:ERROR:process_reader_win.cc(151)] SuspendThread: Eriþim engellendi. (0x5)
[0324/203649.659:ERROR:process_reader_win.cc(123)] NtOpenThread: {Eriþim Yok} Bir iþlem bir nesneye eriþmek istedi, ancak istediði eriþimin haklarý kendisine verilmiþ deðil. (0xc0000022)
[0324/203649.659:ERROR:exception_snapshot_win.cc(98)] thread ID 17012 not found in process
[0324/203649.695:ERROR:process_reader_win.cc(151)] SuspendThread: Eriþim engellendi. (0x5)
[0324/203649.695:ERROR:process_reader_win.cc(151)] SuspendThread: Eriþim engellendi. (0x5)
[0324/203649.696:ERROR:process_reader_win.cc(151)] SuspendThread: Eriþim engellendi. (0x5)
[0324/203649.696:ERROR:process_reader_win.cc(123)] NtOpenThread: {Eriþim Yok} Bir iþlem bir nesneye eriþmek istedi, ancak istediði eriþimin haklarý kendisine verilmiþ deðil. (0xc0000022)
[0324/203649.696:ERROR:exception_snapshot_win.cc(98)] thread ID 8932 not found in process
[0324/215747.829:ERROR:process_reader_win.cc(123)] NtOpenThread: {Eriþim Yok} Bir iþlem bir nesneye eriþmek istedi, ancak istediði eriþimin haklarý kendisine verilmiþ deðil. (0xc0000022)
[0324/215747.831:ERROR:exception_snapshot_win.cc(98)] thread ID 17312 not found in process
[0324/215747.833:ERROR:process_reader_win.cc(123)] NtOpenThread: {Eriþim Yok} Bir iþlem bir nesneye eriþmek istedi, ancak istediði eriþimin haklarý kendisine verilmiþ deðil. (0xc0000022)
[0324/215747.835:ERROR:exception_snapshot_win.cc(98)] thread ID 3528 not found in process
[0324/215747.888:ERROR:process_reader_win.cc(123)] NtOpenThread: {Eriþim Yok} Bir iþlem bir nesneye eriþmek istedi, ancak istediði eriþimin haklarý kendisine verilmiþ deðil. (0xc0000022)
[0324/215747.888:ERROR:exception_snapshot_win.cc(98)] thread ID 16060 not found in process
[0324/215747.902:ERROR:process_reader_win.cc(123)] NtOpenThread: {Eriþim Yok} Bir iþlem bir nesneye eriþmek istedi, ancak istediði eriþimin haklarý kendisine verilmiþ deðil. (0xc0000022)
[0324/215747.902:ERROR:exception_snapshot_win.cc(98)] thread ID 12732 not found in process
[0325/012352.702:ERROR:process_reader_win.cc(151)] SuspendThread: Eriþim engellendi. (0x5)
[0325/012352.703:ERROR:process_reader_win.cc(151)] SuspendThread: Eriþim engellendi. (0x5)
[0325/012352.703:ERROR:process_reader_win.cc(151)] SuspendThread: Eriþim engellendi. (0x5)
[0325/012352.703:ERROR:process_reader_win.cc(151)] SuspendThread: Eriþim engellendi. (0x5)
[0325/012352.703:ERROR:process_reader_win.cc(151)] SuspendThread: Eriþim engellendi. (0x5)
[0325/012352.703:ERROR:process_reader_win.cc(151)] SuspendThread: Eriþim engellendi. (0x5)
[0325/012352.703:ERROR:process_reader_win.cc(151)] SuspendThread: Eriþim engellendi. (0x5)
[0325/012352.704:ERROR:process_reader_win.cc(151)] SuspendThread: Eriþim engellendi. (0x5)
[0325/012352.704:ERROR:process_reader_win.cc(151)] SuspendThread: Eriþim engellendi. (0x5)
[0325/012352.704:ERROR:process_reader_win.cc(123)] NtOpenThread: {Eriþim Yok} Bir iþlem bir nesneye eriþmek istedi, ancak istediði eriþimin haklarý kendisine verilmiþ deðil. (0xc0000022)
[0325/012352.704:ERROR:exception_snapshot_win.cc(98)] thread ID 16044 not found in process
[0325/012352.750:ERROR:process_reader_win.cc(123)] NtOpenThread: {Eriþim Yok} Bir iþlem bir nesneye eriþmek istedi, ancak istediði eriþimin haklarý kendisine verilmiþ deðil. (0xc0000022)
[0325/012352.750:ERROR:exception_snapshot_win.cc(98)] thread ID 18128 not found in process
[0325/012354.222:ERROR:process_reader_win.cc(123)] NtOpenThread: {Eriþim Yok} Bir iþlem bir nesneye eriþmek istedi, ancak istediði eriþimin haklarý kendisine verilmiþ deðil. (0xc0000022)
[0325/012354.223:ERROR:exception_snapshot_win.cc(98)] thread ID 14104 not found in process
[0325/012354.297:ERROR:process_reader_win.cc(151)] SuspendThread: Eriþim engellendi. (0x5)
[0325/012354.298:ERROR:process_reader_win.cc(151)] SuspendThread: Eriþim engellendi. (0x5)
[0325/012354.298:ERROR:process_reader_win.cc(151)] SuspendThread: Eriþim engellendi. (0x5)
[0325/012354.298:ERROR:process_reader_win.cc(151)] SuspendThread: Eriþim engellendi. (0x5)
[0325/012354.298:ERROR:process_reader_win.cc(151)] SuspendThread: Eriþim engellendi. (0x5)
[0325/012354.298:ERROR:process_reader_win.cc(123)] NtOpenThread: {Eriþim Yok} Bir iþlem bir nesneye eriþmek istedi, ancak istediði eriþimin haklarý kendisine verilmiþ deðil. (0xc0000022)
[0325/012354.298:ERROR:exception_snapshot_win.cc(98)] thread ID 5104 not found in process
[0325/013258.088:ERROR:process_reader_win.cc(123)] NtOpenThread: {Eriþim Yok} Bir iþlem bir nesneye eriþmek istedi, ancak istediði eriþimin haklarý kendisine verilmiþ deðil. (0xc0000022)
[0325/013258.089:ERROR:exception_snapshot_win.cc(98)] thread ID 20196 not found in process
[0325/013258.154:ERROR:process_reader_win.cc(123)] NtOpenThread: {Eriþim Yok} Bir iþlem bir nesneye eriþmek istedi, ancak istediði eriþimin haklarý kendisine verilmiþ deðil. (0xc0000022)
[0325/013258.155:ERROR:exception_snapshot_win.cc(98)] thread ID 14944 not found in process
[0325/013340.520:ERROR:process_reader_win.cc(123)] NtOpenThread: {Eriþim Yok} Bir iþlem bir nesneye eriþmek istedi, ancak istediði eriþimin haklarý kendisine verilmiþ deðil. (0xc0000022)
[0325/013340.520:ERROR:exception_snapshot_win.cc(98)] thread ID 19924 not found in process
[0325/013340.581:ERROR:process_reader_win.cc(123)] NtOpenThread: {Eriþim Yok} Bir iþlem bir nesneye eriþmek istedi, ancak istediði eriþimin haklarý kendisine verilmiþ deðil. (0xc0000022)
[0325/013340.581:ERROR:exception_snapshot_win.cc(98)] thread ID 17104 not found in process
[0401/041028.055:ERROR:process_reader_win.cc(123)] NtOpenThread: {Eriþim Yok} Bir iþlem bir nesneye eriþmek istedi, ancak istediði eriþimin haklarý kendisine verilmiþ deðil. (0xc0000022)
[0401/041028.056:ERROR:exception_snapshot_win.cc(98)] thread ID 7824 not found in process
[0401/041028.109:ERROR:process_reader_win.cc(123)] NtOpenThread: {Eriþim Yok} Bir iþlem bir nesneye eriþmek istedi, ancak istediði eriþimin haklarý kendisine verilmiþ deðil. (0xc0000022)
[0401/041028.109:ERROR:exception_snapshot_win.cc(98)] thread ID 13836 not found in process
[0401/132411.105:ERROR:process_reader_win.cc(123)] NtOpenThread: {Access Denied} A process has requested access to an object, but has not been granted those access rights. (0xc0000022)
[0401/132411.105:ERROR:exception_snapshot_win.cc(98)] thread ID 14920 not found in process
[0401/132411.140:ERROR:process_reader_win.cc(151)] SuspendThread: Access is denied. (0x5)
[0401/132411.141:ERROR:process_reader_win.cc(123)] NtOpenThread: {Access Denied} A process has requested access to an object, but has not been granted those access rights. (0xc0000022)
[0401/132411.141:ERROR:exception_snapshot_win.cc(98)] thread ID 14448 not found in process
[0401/135530.440:ERROR:process_reader_win.cc(123)] NtOpenThread: {Access Denied} A process has requested access to an object, but has not been granted those access rights. (0xc0000022)
[0401/135530.441:ERROR:exception_snapshot_win.cc(98)] thread ID 4412 not found in process
[0401/135530.479:ERROR:process_reader_win.cc(123)] NtOpenThread: {Access Denied} A process has requested access to an object, but has not been granted those access rights. (0xc0000022)
[0401/135530.479:ERROR:exception_snapshot_win.cc(98)] thread ID 12668 not found in process
[0401/135531.938:ERROR:process_reader_win.cc(123)] NtOpenThread: {Access Denied} A process has requested access to an object, but has not been granted those access rights. (0xc0000022)
[0401/135531.939:ERROR:exception_snapshot_win.cc(98)] thread ID 10924 not found in process
[0401/135531.972:ERROR:process_reader_win.cc(123)] NtOpenThread: {Access Denied} A process has requested access to an object, but has not been granted those access rights. (0xc0000022)
[0401/135531.972:ERROR:exception_snapshot_win.cc(98)] thread ID 14360 not found in process
[0419/022144.161:ERROR:process_reader_win.cc(123)] NtOpenThread: {Eriþim Yok} Bir iþlem bir nesneye eriþmek istedi, ancak istediði eriþimin haklarý kendisine verilmiþ deðil. (0xc0000022)
[0419/022144.164:ERROR:exception_snapshot_win.cc(98)] thread ID 17308 not found in process
[0419/022144.197:ERROR:process_reader_win.cc(123)] NtOpenThread: {Eriþim Yok} Bir iþlem bir nesneye eriþmek istedi, ancak istediði eriþimin haklarý kendisine verilmiþ deðil. (0xc0000022)
[0419/022144.197:ERROR:exception_snapshot_win.cc(98)] thread ID 17312 not found in process
[0419/022144.268:ERROR:process_reader_win.cc(123)] NtOpenThread: {Eriþim Yok} Bir iþlem bir nesneye eriþmek istedi, ancak istediði eriþimin haklarý kendisine verilmiþ deðil. (0xc0000022)
[0419/022144.268:ERROR:exception_snapshot_win.cc(98)] thread ID 17336 not found in process
[0529/211447.317:ERROR:process_reader_win.cc(151)] SuspendThread: Access is denied. (0x5)
[0529/211447.319:ERROR:process_reader_win.cc(151)] SuspendThread: Access is denied. (0x5)
[0529/211447.319:ERROR:process_reader_win.cc(151)] SuspendThread: Access is denied. (0x5)
[0529/211447.319:ERROR:process_reader_win.cc(123)] NtOpenThread: {Access Denied} A process has requested access to an object, but has not been granted those access rights. (0xc0000022)
[0529/211447.320:ERROR:exception_snapshot_win.cc(98)] thread ID 10700 not found in process
[0529/211447.320:ERROR:process_reader_win.cc(123)] NtOpenThread: {Access Denied} A process has requested access to an object, but has not been granted those access rights. (0xc0000022)
[0529/211447.320:ERROR:exception_snapshot_win.cc(98)] thread ID 10916 not found in process
[0529/211447.371:ERROR:process_reader_win.cc(151)] SuspendThread: Access is denied. (0x5)
[0529/211447.371:ERROR:process_reader_win.cc(151)] SuspendThread: Access is denied. (0x5)
[0529/211447.371:ERROR:process_reader_win.cc(151)] SuspendThread: Access is denied. (0x5)
[0529/211447.371:ERROR:process_reader_win.cc(151)] SuspendThread: Access is denied. (0x5)
[0529/211447.371:ERROR:process_reader_win.cc(151)] SuspendThread: Access is denied. (0x5)
[0529/211447.371:ERROR:process_reader_win.cc(123)] NtOpenThread: {Access Denied} A process has requested access to an object, but has not been granted those access rights. (0xc0000022)
[0529/211447.371:ERROR:exception_snapshot_win.cc(98)] thread ID 9724 not found in process
[0529/211447.377:ERROR:process_reader_win.cc(151)] SuspendThread: Access is denied. (0x5)
[0529/211447.377:ERROR:process_reader_win.cc(151)] SuspendThread: Access is denied. (0x5)
[0529/211447.377:ERROR:process_reader_win.cc(151)] SuspendThread: Access is denied. (0x5)
[0529/211447.377:ERROR:process_reader_win.cc(151)] SuspendThread: Access is denied. (0x5)
[0529/211447.377:ERROR:process_reader_win.cc(151)] SuspendThread: Access is denied. (0x5)
[0529/211447.377:ERROR:process_reader_win.cc(123)] NtOpenThread: {Access Denied} A process has requested access to an object, but has not been granted those access rights. (0xc0000022)
[0529/211447.377:ERROR:exception_snapshot_win.cc(98)] thread ID 10200 not found in process
